<?xml version="1.0" encoding="UTF-8"?>
<!-- Generated by org.testng.reporters.JUnitXMLReporter -->
<testsuite hostname="DESKTOP-LCE9FOG" ignored="1" name="Smoke Test" tests="2" failures="0" timestamp="2021-01-13T20:41:00 EST" time="26.794" errors="0">
  <testcase name="addEmployee" time="10.821" classname="com.hrms.testcases.AddEmployeeTest"/>
  <testcase name="adminLogin" time="2.253" classname="com.hrms.testcases.LoginTest"/>
  <testcase name="invalidLoginErrorMessageValidation" time="0.0" classname="com.hrms.testcases.LoginTest">
    <ignored/>
  </testcase> <!-- invalidLoginErrorMessageValidation -->
</testsuite> <!-- Smoke Test -->
