<?xml version="1.0" encoding="UTF-8"?>
<testng-results skipped="0" failed="0" ignored="1" total="3" passed="2">
  <reporter-output>
  </reporter-output>
  <suite name="Smoke Suite" duration-ms="26794" started-at="2021-01-13T20:40:33 EST" finished-at="2021-01-13T20:41:00 EST">
    <groups>
      <group name="smoke">
        <method signature="AddEmployeeTest.addEmployee()[pri:0, instance:com.hrms.testcases.AddEmployeeTest@4a22f9e2]" name="addEmployee" class="com.hrms.testcases.AddEmployeeTest"/>
        <method signature="LoginTest.adminLogin()[pri:0, instance:com.hrms.testcases.LoginTest@3c419631]" name="adminLogin" class="com.hrms.testcases.LoginTest"/>
      </group> <!-- smoke -->
    </groups>
    <test name="Smoke Test" duration-ms="26794" started-at="2021-01-13T20:40:33 EST" finished-at="2021-01-13T20:41:00 EST">
      <class name="com.hrms.testcases.LoginTest">
        <test-method status="PASS" signature="setUp()[pri:0, instance:com.hrms.testcases.LoginTest@3c419631]" name="setUp" is-config="true" duration-ms="4450" started-at="2021-01-13T20:40:51 EST" finished-at="2021-01-13T20:40:56 EST">
          <reporter-output>
          </reporter-output>
        </test-method> <!-- setUp -->
        <test-method status="PASS" signature="adminLogin()[pri:0, instance:com.hrms.testcases.LoginTest@3c419631]" name="adminLogin" duration-ms="2253" started-at="2021-01-13T20:40:56 EST" finished-at="2021-01-13T20:40:58 EST">
          <reporter-output>
          </reporter-output>
        </test-method> <!-- adminLogin -->
        <test-method status="PASS" signature="tearDown()[pri:0, instance:com.hrms.testcases.LoginTest@3c419631]" name="tearDown" is-config="true" duration-ms="1191" started-at="2021-01-13T20:40:59 EST" finished-at="2021-01-13T20:41:00 EST">
          <reporter-output>
          </reporter-output>
        </test-method> <!-- tearDown -->
      </class> <!-- com.hrms.testcases.LoginTest -->
      <class name="com.hrms.testcases.AddEmployeeTest">
        <test-method status="PASS" signature="setUp()[pri:0, instance:com.hrms.testcases.AddEmployeeTest@4a22f9e2]" name="setUp" is-config="true" duration-ms="6052" started-at="2021-01-13T20:40:33 EST" finished-at="2021-01-13T20:40:39 EST">
          <reporter-output>
          </reporter-output>
        </test-method> <!-- setUp -->
        <test-method status="PASS" signature="addEmployee()[pri:0, instance:com.hrms.testcases.AddEmployeeTest@4a22f9e2]" name="addEmployee" duration-ms="10821" started-at="2021-01-13T20:40:39 EST" finished-at="2021-01-13T20:40:50 EST">
          <reporter-output>
          </reporter-output>
        </test-method> <!-- addEmployee -->
        <test-method status="PASS" signature="tearDown()[pri:0, instance:com.hrms.testcases.AddEmployeeTest@4a22f9e2]" name="tearDown" is-config="true" duration-ms="811" started-at="2021-01-13T20:40:50 EST" finished-at="2021-01-13T20:40:51 EST">
          <reporter-output>
          </reporter-output>
        </test-method> <!-- tearDown -->
      </class> <!-- com.hrms.testcases.AddEmployeeTest -->
    </test> <!-- Smoke Test -->
  </suite> <!-- Smoke Suite -->
</testng-results>
